<?xml version="1.0" encoding="UTF-8"?>
<!-- Generated by org.testng.reporters.JUnitXMLReporter -->
<testsuite ignored="3" hostname="DESKTOP-6DB6VHT" failures="1" tests="1" name="Test(failed)" time="0.242" errors="0" timestamp="2023-01-13T13:23:27 IST">
  <testcase classname="TestNGpkg.Grouptest" name="test" time="0.037">
    <failure type="java.lang.NullPointerException" message="Cannot invoke &amp;quot;org.openqa.selenium.WebDriver.getTitle()&amp;quot; because &amp;quot;this.driver&amp;quot; is null">
      <![CDATA[java.lang.NullPointerException: Cannot invoke "org.openqa.selenium.WebDriver.getTitle()" because "this.driver" is null
at TestNGpkg.Grouptest.test(Grouptest.java:29)
at java.base/java.util.ArrayList.forEach(ArrayList.java:1511)
... Removed 27 stack frames]]>
    </failure>
  </testcase> <!-- test -->
  <testcase classname="TestNGpkg.Grouptest" name="tes2" time="0.0">
    <ignored/>
  </testcase> <!-- tes2 -->
  <testcase classname="TestNGpkg.Grouptest" name="test3" time="0.0">
    <ignored/>
  </testcase> <!-- test3 -->
  <testcase classname="TestNGpkg.Grouptest" name="test1" time="0.0">
    <ignored/>
  </testcase> <!-- test1 -->
</testsuite> <!-- Test(failed) -->
