<?xml version="1.0" encoding="UTF-8"?>
<testng-results ignored="0" total="1" passed="1" failed="0" skipped="0">
  <reporter-output>
  </reporter-output>
  <suite started-at="2023-01-25T15:00:55 IST" name="Default suite" finished-at="2023-01-25T15:01:22 IST" duration-ms="27707">
    <groups>
    </groups>
    <test started-at="2023-01-25T15:00:55 IST" name="Default test" finished-at="2023-01-25T15:01:22 IST" duration-ms="27707">
      <class name="POMtest.Fbforgetpasswordtest">
        <test-method is-config="true" signature="befrtest()[pri:0, instance:POMtest.Fbforgetpasswordtest@2d52216b]" started-at="2023-01-25T15:00:55 IST" name="befrtest" finished-at="2023-01-25T15:01:09 IST" duration-ms="14451" status="PASS">
          <reporter-output>
          </reporter-output>
        </test-method> <!-- befrtest -->
        <test-method is-config="true" signature="befrmethd()[pri:0, instance:POMtest.Fbforgetpasswordtest@2d52216b]" started-at="2023-01-25T15:01:09 IST" name="befrmethd" finished-at="2023-01-25T15:01:15 IST" duration-ms="5886" status="PASS">
          <reporter-output>
          </reporter-output>
        </test-method> <!-- befrmethd -->
        <test-method signature="passwordtest()[pri:0, instance:POMtest.Fbforgetpasswordtest@2d52216b]" started-at="2023-01-25T15:01:15 IST" name="passwordtest" finished-at="2023-01-25T15:01:22 IST" duration-ms="6944" status="PASS">
          <reporter-output>
          </reporter-output>
        </test-method> <!-- passwordtest -->
      </class> <!-- POMtest.Fbforgetpasswordtest -->
    </test> <!-- Default test -->
  </suite> <!-- Default suite -->
</testng-results>
